<testsuites id="" name="" tests="8" failures="0" skipped="0" errors="0" time="374.14143899999993">
<testsuite name="auth.setup.ts" timestamp="2025-07-31T06:30:47.364Z" hostname="setup" tests="4" failures="0" skipped="0" time="41.158" errors="0">
<testcase name="authenticate as admin" classname="auth.setup.ts" time="10.59">
<system-out>
<![CDATA[🔐 Setting up admin authentication...
❌ Admin authentication failed: page.waitForSelector: Timeout 10000ms exceeded.
Call log:
[2m  - waiting for locator('[data-testid="login-form"], [name="email"], input[type="email"]') to be visible[22m

🔄 Trying alternative admin authentication...
]]>
</system-out>
</testcase>
<testcase name="authenticate as regular user" classname="auth.setup.ts" time="10.418">
<system-out>
<![CDATA[🔐 Setting up user authentication...
❌ User authentication failed: page.waitForSelector: Timeout 10000ms exceeded.
Call log:
[2m  - waiting for locator('[data-testid="login-form"], [name="email"], input[type="email"]') to be visible[22m

]]>
</system-out>
</testcase>
<testcase name="authenticate as developer" classname="auth.setup.ts" time="10.521">
<system-out>
<![CDATA[🔐 Setting up developer authentication...
❌ Developer authentication failed: page.waitForSelector: Timeout 10000ms exceeded.
Call log:
[2m  - waiting for locator('[data-testid="login-form"], [name="email"], input[type="email"]') to be visible[22m

]]>
</system-out>
</testcase>
<testcase name="verify all services accessible" classname="auth.setup.ts" time="9.629">
<system-out>
<![CDATA[🔍 Verifying all services are accessible...
🔍 Checking Gateway at http://localhost:4000...
⚠️  Gateway is accessible but may not be fully loaded
🔍 Checking CODAI at http://localhost:4001...
✅ CODAI is accessible and responding correctly
🔍 Checking Admin at http://localhost:4002...
❌ Admin is not accessible: page.goto: net::ERR_CONNECTION_REFUSED at http://localhost:4002/
Call log:
[2m  - navigating to "http://localhost:4002/", waiting until "load"[22m

🔍 Checking Hub at http://localhost:4003...
❌ Hub is not accessible: page.goto: net::ERR_CONNECTION_REFUSED at http://localhost:4003/
Call log:
[2m  - navigating to "http://localhost:4003/", waiting until "load"[22m

🔍 Checking ID at http://localhost:4004...
⚠️  ID is accessible but may not be fully loaded
🔍 Checking BancAI at http://localhost:4005...
✅ BancAI is accessible and responding correctly
✅ Service accessibility check completed
]]>
</system-out>
</testcase>
</testsuite>
<testsuite name="phase3b-authentication-testing.spec.ts" timestamp="2025-07-31T06:30:47.364Z" hostname="chromium" tests="4" failures="0" skipped="0" time="31.286" errors="0">
<testcase name="Phase 3B: Authentication &amp; Authorization Integration › Phase 3B.1: Authentication Interface Discovery" classname="phase3b-authentication-testing.spec.ts" time="26.897">
<system-out>
<![CDATA[🔐 Phase 3B.1: Discovering authentication interfaces across services...
🔍 Analyzing Gateway authentication...
  📊 Gateway: 🔓 Form, ⚪ Button, 👥 Profile
🔍 Analyzing CODAI authentication...
  📊 CODAI: 🔓 Form, 🔘 Button, 👥 Profile
🔍 Analyzing ID authentication...
  📊 ID: 🔓 Form, ⚪ Button, 👥 Profile
🔍 Analyzing BancAI authentication...
  📊 BancAI: 🔓 Form, ⚪ Button, 👥 Profile
🔍 Analyzing MemorAI authentication...
  📊 MemorAI: 🔓 Form, ⚪ Button, 👥 Profile
🔍 Analyzing Admin authentication...
  📊 Admin: 🔓 Form, ⚪ Button, 👥 Profile
🔍 Analyzing Hub authentication...
  📊 Hub: 🔓 Form, ⚪ Button, 👥 Profile
🔍 Analyzing CBD authentication...
  📊 CBD: 🔓 Form, ⚪ Button, 👥 Profile

📊 Authentication Discovery Summary:
   🏢 Total services: 8
   🔐 Services with auth: 1
   🔓 Services without auth: 7
   📈 Common patterns: 
   💾 Results saved: test-results/phase3b-auth-discovery.json
]]>
</system-out>
</testcase>
<testcase name="Phase 3B: Authentication &amp; Authorization Integration › Phase 3B.2: Cross-Service Authentication Flow" classname="phase3b-authentication-testing.spec.ts" time="3">
<system-out>
<![CDATA[🔄 Phase 3B.2: Testing cross-service authentication flow...
🔐 Scenario 1: ID Service authentication...
  ℹ️ No login form found - checking for other auth patterns
🔒 Scenario 2: Admin service auth requirement...
  🔓 Admin does not require authentication

📊 Cross-Service Authentication Flow Summary:
   🎯 Total scenarios: 2
   ✅ Successful tests: 1
   ❌ Failed tests: 1
   💾 Results saved: test-results/phase3b-auth-flow.json
]]>
</system-out>
</testcase>
<testcase name="Phase 3B: Authentication &amp; Authorization Integration › Phase 3B.3: Session Management and Token Handling" classname="phase3b-authentication-testing.spec.ts" time="1.386">
<system-out>
<![CDATA[🎫 Phase 3B.3: Testing session management and token handling...
🍪 Test 1: Analyzing cookies and session storage...
  📊 CODAI: 0 cookies, 0 session keys, 0 local keys
  📊 ID: 0 cookies, 0 session keys, 0 local keys
  📊 Admin: 0 cookies, 0 session keys, 0 local keys
🌐 Test 2: Testing cross-origin requests...
  ✅ Gateway: 200
  ❌ ID: 404
  ❌ Hub: 404

📊 Session Management Summary:
   🎯 Total tests: 2
   ✅ Passed tests: 2
   ❌ Failed tests: 0
   💾 Results saved: test-results/phase3b-session-management.json
]]>
</system-out>
</testcase>
<testcase name="Phase 3B: Authentication &amp; Authorization Integration › Phase 3B: Generate Authentication Integration Report" classname="phase3b-authentication-testing.spec.ts" time="0.003">
<system-out>
<![CDATA[📋 Phase 3B.4: Generating authentication integration report...

📊 Phase 3B Authentication Integration Report:
   🏢 Total services: 8
   🔍 Services analyzed: 8
   🔐 Authentication ready: 1
   🎯 Integration ready: YES
   💾 Report saved: test-results/phase3b-authentication-integration-report.json

🎯 Recommendations:
   1. Limited authentication coverage - review which services should require authentication
   2. Authentication flows are functioning correctly
   3. Session management capabilities detected - ensure secure token handling

✅ Phase 3B Authentication Integration Testing COMPLETED!
🚀 Ready for Phase 3C: Performance and Load Testing
]]>
</system-out>
</testcase>
</testsuite>
</testsuites>